Profile Results


Total execution time: 10199 ms

Number of functions called: 23

void tk_loop(): 8145 ms (79.86%)
void fade_all(sound_pool@, sound_pool@, sound_pool@, sound_pool@, sound_pool@, double = 0.25, double = - 40): 1043 ms (10.23%)
int dynamic_menu_pro::run_extended(string, bool, int, bool): 526 ms (5.16%)
void netloop(): 207 ms (2.03%)
int sound_pool::play_stationary_extended(string, bool, double, float, float, float, bool = false, bool = false): 99 ms (0.97%)
string get_zone_at(int, int, int): 51 ms (0.5%)
int sound_pool::play_extended_3d(string, int, int, int, int, int, int, double, int, int, int, int, int, int, bool, double, float, float, float, bool = false, bool = false): 28 ms (0.27%)
void load_map(string): 20 ms (0.2%)
void sound_pool::update_listener_3d(int, int, int, double = 0.0): 15 ms (0.15%)
void sourcecheckloop(): 8 ms (0.08%)
void position_sound_custom_3d(sound@, float, float, float, float, float, float, double, float, float, float, float, float, float): 8 ms (0.08%)
int DFSpeech::check_available_outputs(): 6 ms (0.06%)
void checkloc(): 6 ms (0.06%)
void sound_pool_item::update_listener_position(int, int, int, double): 6 ms (0.06%)
void msoundcheckloop(): 6 ms (0.06%)
double calculate_theta(double): 5 ms (0.05%)
void doorcheckloop(): 5 ms (0.05%)
void sound_pool_item::reset(): 4 ms (0.04%)
void sirencheckloop(): 4 ms (0.04%)
void sound_pool_item::update(int, int, int, double, int): 2 ms (0.02%)
string get_tile_at(int, int, int): 2 ms (0.02%)
bool alt_is_down(): 2 ms (0.02%)
void playerloop(): 1 ms (0.01%)